<?xml version="1.0" encoding="UTF-8"?>
<!-- Generated by org.testng.reporters.JUnitXMLReporter -->
<testsuite hostname="PC-PC" ignored="0" name="Ming" tests="3" failures="0" timestamp="04 Aug 2019 15:37:42 GMT" time="90.984" errors="0">
  <testcase name="NewParking_01" time="37.529" classname="challenge.ChallengeTests"/>
  <testcase name="ExtendParking_02" time="28.28" classname="challenge.ChallengeTests"/>
  <testcase name="StopParking_03" time="25.129" classname="challenge.ChallengeTests"/>
</testsuite> <!-- Ming -->
